<?xml version="1.0" encoding="UTF-8"?>
<!-- Generated by org.testng.reporters.JUnitXMLReporter -->
<testsuite hostname="T460" ignored="1" name="CHROME" tests="15" failures="0" timestamp="2021-05-14T18:31:36 SGT" time="114.392" errors="0">
  <testcase name="verifyLoginPage" time="1.641" classname="testcases.MiroTest"/>
  <testcase name="verifyLoginPage" time="1.449" classname="testcases.MiroTest1"/>
  <testcase name="verifyLoginPage" time="1.333" classname="testcases.MiroTest"/>
  <testcase name="verifyLoginPage" time="0.568" classname="testcases.MiroTest1"/>
  <testcase name="signInWithoutEmailandPassword" time="9.482" classname="testcases.MiroTest"/>
  <testcase name="signInWithoutEmailandPassword" time="11.918" classname="testcases.MiroTest"/>
  <testcase name="signInWithoutEmailandPassword" time="11.497" classname="testcases.MiroTest1"/>
  <testcase name="signInWithoutEmailandPassword" time="9.837" classname="testcases.MiroTest1"/>
  <testcase name="signInWithInCorrectEmailandPassword" time="9.294" classname="testcases.MiroTest"/>
  <testcase name="signInWithInCorrectEmailandPassword" time="10.474" classname="testcases.MiroTest"/>
  <testcase name="signInWithInCorrectEmailandPassword" time="7.621" classname="testcases.MiroTest1"/>
  <testcase name="signInWithInCorrectEmailandPassword" time="11.473" classname="testcases.MiroTest1"/>
  <testcase name="verifyForgotPasswordLink" time="9.504" classname="testcases.MiroTest"/>
  <testcase name="verifyForgotPasswordLink" time="8.277" classname="testcases.MiroTest"/>
  <testcase name="verifyForgotPasswordLink" time="8.422" classname="testcases.MiroTest1"/>
  <testcase name="@AfterSuite afterSuite" time="0.0" classname="base.BaseTest">
    <ignored/>
  </testcase> <!-- @AfterSuite afterSuite -->
</testsuite> <!-- CHROME -->
