<?xml version="1.0" encoding="UTF-8"?>
<!-- Generated by org.testng.reporters.JUnitXMLReporter -->
<testsuite hostname="T460" ignored="1" name="FIREFOX" tests="1" failures="0" timestamp="2021-05-14T18:31:37 SGT" time="115.744" errors="0">
  <testcase name="verifyForgotPasswordLink" time="6.764" classname="testcases.MiroTest1"/>
  <testcase name="@AfterSuite afterSuite" time="0.0" classname="base.BaseTest">
    <ignored/>
  </testcase> <!-- @AfterSuite afterSuite -->
</testsuite> <!-- FIREFOX -->
